Using pre-set license
Built from '2023.1/staging' branch; Version is '2023.1.19f1 (629111e352bc) revision 6459665'; Using compiler version '192829333'; Build Type 'Release'
OS: 'Windows 10  (10.0.19044) 64bit Professional' Language: 'ru' Physical Memory: 16304 MB
BatchMode: 1, IsHumanControllingUs: 0, StartBugReporterOnCrash: 0, Is64bit: 1, IsPro: 1

COMMAND LINE ARGUMENTS:
C:\Program Files\Unity 2023.1.19f1\Editor\Unity.exe
-adb2
-batchMode
-noUpm
-name
AssetImportWorker0
-projectPath
C:/Users/Костя/MyGameMIREA
-logFile
Logs/AssetImportWorker0.log
-srvPort
59614
Successfully changed project path to: C:/Users/Костя/MyGameMIREA
C:/Users/Костя/MyGameMIREA
[UnityMemory] Configuration Parameters - Can be set up in boot.config
    "memorysetup-bucket-allocator-granularity=16"
    "memorysetup-bucket-allocator-bucket-count=8"
    "memorysetup-bucket-allocator-block-size=33554432"
    "memorysetup-bucket-allocator-block-count=8"
    "memorysetup-main-allocator-block-size=16777216"
    "memorysetup-thread-allocator-block-size=16777216"
    "memorysetup-gfx-main-allocator-block-size=16777216"
    "memorysetup-gfx-thread-allocator-block-size=16777216"
    "memorysetup-cache-allocator-block-size=4194304"
    "memorysetup-typetree-allocator-block-size=2097152"
    "memorysetup-profiler-bucket-allocator-granularity=16"
    "memorysetup-profiler-bucket-allocator-bucket-count=8"
    "memorysetup-profiler-bucket-allocator-block-size=33554432"
    "memorysetup-profiler-bucket-allocator-block-count=8"
    "memorysetup-profiler-allocator-block-size=16777216"
    "memorysetup-profiler-editor-allocator-block-size=1048576"
    "memorysetup-temp-allocator-size-main=16777216"
    "memorysetup-job-temp-allocator-block-size=2097152"
    "memorysetup-job-temp-allocator-block-size-background=1048576"
    "memorysetup-job-temp-allocator-reduction-small-platforms=262144"
    "memorysetup-allocator-temp-initial-block-size-main=262144"
    "memorysetup-allocator-temp-initial-block-size-worker=262144"
    "memorysetup-temp-allocator-size-background-worker=32768"
    "memorysetup-temp-allocator-size-job-worker=262144"
    "memorysetup-temp-allocator-size-preload-manager=33554432"
    "memorysetup-temp-allocator-size-nav-mesh-worker=65536"
    "memorysetup-temp-allocator-size-audio-worker=65536"
    "memorysetup-temp-allocator-size-cloud-worker=32768"
    "memorysetup-temp-allocator-size-gi-baking-worker=262144"
    "memorysetup-temp-allocator-size-gfx=262144"
Player connection [7220] Host "[IP] 192.168.1.71 [Port] 0 [Flags] 2 [Guid] 3158947712 [EditorId] 3158947712 [Version] 1048832 [Id] WindowsEditor(7,DESKTOP-E9LORBD) [Debug] 1 [PackageName] WindowsEditor [ProjectName] Editor" joined multi-casting on [225.0.0.222:54997]...

Player connection [7220] Host "[IP] 192.168.1.71 [Port] 0 [Flags] 2 [Guid] 3158947712 [EditorId] 3158947712 [Version] 1048832 [Id] WindowsEditor(7,DESKTOP-E9LORBD) [Debug] 1 [PackageName] WindowsEditor [ProjectName] Editor" joined alternative multi-casting on [225.0.0.222:34997]...

[Physics::Module] Initialized MultithreadedJobDispatcher with 11 workers.
Library Redirect Path: Library/Refreshing native plugins compatible for Editor in 90.03 ms, found 3 plugins.
Preloading 0 native plugins for Editor in 0.00 ms.
Initialize engine version: 2023.1.19f1 (629111e352bc)
[Subsystems] Discovering subsystems at path C:/Program Files/Unity 2023.1.19f1/Editor/Data/Resources/UnitySubsystems
[Subsystems] Discovering subsystems at path C:/Users/Костя/MyGameMIREA/Assets
GfxDevice: creating device client; threaded=0; jobified=0
Direct3D:
    Version:  Direct3D 11.0 [level 11.1]
    Renderer: NVIDIA GeForce RTX 3060 (ID=0x2487)
    Vendor:   NVIDIA
    VRAM:     12124 MB
    Driver:   31.0.15.4592
Initialize mono
Mono path[0] = 'C:/Program Files/Unity 2023.1.19f1/Editor/Data/Managed'
Mono path[1] = 'C:/Program Files/Unity 2023.1.19f1/Editor/Data/MonoBleedingEdge/lib/mono/unityjit-win32'
Mono config path = 'C:/Program Files/Unity 2023.1.19f1/Editor/Data/MonoBleedingEdge/etc'
Using monoOptions --debugger-agent=transport=dt_socket,embedding=1,server=y,suspend=n,address=127.0.0.1:56320
Begin MonoManager ReloadAssembly
C:\build\output\Unity-Technologies\mono\mono\metadata\icall.c:1842:
C:\build\output\Unity-Technologies\mono\mono\metadata\icall.c:1842:
C:\build\output\Unity-Technologies\mono\mono\metadata\icall.c:1842:
C:\build\output\Unity-Technologies\mono\mono\metadata\icall.c:1842:
C:\build\output\Unity-Technologies\mono\mono\metadata\icall.c:1842:
C:\build\output\Unity-Technologies\mono\mono\metadata\icall.c:1842:
C:\build\output\Unity-Technologies\mono\mono\metadata\icall.c:1842:
C:\build\output\Unity-Technologies\mono\mono\metadata\icall.c:1842:
C:\build\output\Unity-Technologies\mono\mono\metadata\icall.c:1842:
C:\build\output\Unity-Technologies\mono\mono\metadata\icall.c:1842:
Registering precompiled unity dll's ...
Register platform support module: C:/Program Files/Unity 2023.1.19f1/Editor/Data/PlaybackEngines/WindowsStandaloneSupport/UnityEditor.WindowsStandalone.Extensions.dll
Registered in 0.027835 seconds.
- Loaded All Assemblies, in  0.929 seconds
Native extension for WindowsStandalone target not found
Mono: successfully reloaded assembly
C:\build\output\Unity-Technologies\mono\mono\metadata\icall.c:1842:
C:\build\output\Unity-Technologies\mono\mono\metadata\icall.c:1842:
- Finished resetting the current domain, in  0.403 seconds
Domain Reload Profiling: 1302ms
	BeginReloadAssembly (368ms)
		ExecutionOrderSort (0ms)
		DisableScriptedObjects (0ms)
		BackupInstance (0ms)
		ReleaseScriptingObjects (0ms)
		CreateAndSetChildDomain (1ms)
	RebuildCommonClasses (71ms)
	RebuildNativeTypeToScriptingClass (15ms)
	initialDomainReloadingComplete (166ms)
	LoadAllAssembliesAndSetupDomain (278ms)
		LoadAssemblies (339ms)
		RebuildTransferFunctionScriptingTraits (0ms)
		AnalyzeDomain (241ms)
			TypeCache.Refresh (240ms)
				TypeCache.ScanAssembly (215ms)
			ScanForSourceGeneratedMonoScriptInfo (1ms)
			ResolveRequiredComponents (1ms)
	FinalizeReload (403ms)
		ReleaseScriptCaches (0ms)
		RebuildScriptCaches (0ms)
		SetupLoadedEditorAssemblies (343ms)
			LogAssemblyErrors (0ms)
			InitializePlatformSupportModulesInManaged (20ms)
			SetLoadedEditorAssemblies (5ms)
			BeforeProcessingInitializeOnLoad (10ms)
			ProcessInitializeOnLoadAttributes (228ms)
			ProcessInitializeOnLoadMethodAttributes (80ms)
			AfterProcessingInitializeOnLoad (0ms)
			EditorAssembliesLoaded (0ms)
		ExecutionOrderSort2 (0ms)
		AwakeInstancesAfterBackupRestoration (0ms)
========================================================================
Worker process is ready to serve import requests
Import Worker Mode flag is 0x00
Begin MonoManager ReloadAssembly
C:\build\output\Unity-Technologies\mono\mono\metadata\icall.c:1842:
C:\build\output\Unity-Technologies\mono\mono\metadata\icall.c:1842:
C:\build\output\Unity-Technologies\mono\mono\metadata\icall.c:1842:
C:\build\output\Unity-Technologies\mono\mono\metadata\icall.c:1842:
C:\build\output\Unity-Technologies\mono\mono\metadata\icall.c:1842:
C:\build\output\Unity-Technologies\mono\mono\metadata\icall.c:1842:
C:\build\output\Unity-Technologies\mono\mono\metadata\icall.c:1842:
C:\build\output\Unity-Technologies\mono\mono\metadata\icall.c:1842:
C:\build\output\Unity-Technologies\mono\mono\metadata\icall.c:1842:
C:\build\output\Unity-Technologies\mono\mono\metadata\icall.c:1842:
C:\build\output\Unity-Technologies\mono\mono\metadata\icall.c:1842:
C:\build\output\Unity-Technologies\mono\mono\metadata\icall.c:1842:
Symbol file LoadedFromMemory doesn't match image C:\Users\Костя\MyGameMIREA\Library\PackageCache\com.unity.visualscripting@1.8.0\Editor\VisualScripting.Core\Dependencies\YamlDotNet\Unity.VisualScripting.YamlDotNet.dll
Symbol file LoadedFromMemory doesn't match image C:\Users\Костя\MyGameMIREA\Library\PackageCache\com.unity.visualscripting@1.8.0\Editor\VisualScripting.Core\Dependencies\DotNetZip\Unity.VisualScripting.IonicZip.dll
Symbol file LoadedFromMemory is not a mono symbol file
- Loaded All Assemblies, in  2.738 seconds
Refreshing native plugins compatible for Editor in 49.11 ms, found 3 plugins.
Native extension for WindowsStandalone target not found
Mono: successfully reloaded assembly
- Finished resetting the current domain, in  1.309 seconds
Domain Reload Profiling: 3981ms
	BeginReloadAssembly (582ms)
		ExecutionOrderSort (0ms)
		DisableScriptedObjects (7ms)
		BackupInstance (0ms)
		ReleaseScriptingObjects (0ms)
		CreateAndSetChildDomain (38ms)
	RebuildCommonClasses (68ms)
	RebuildNativeTypeToScriptingClass (14ms)
	initialDomainReloadingComplete (130ms)
	LoadAllAssembliesAndSetupDomain (1877ms)
		LoadAssemblies (1587ms)
		RebuildTransferFunctionScriptingTraits (0ms)
		AnalyzeDomain (522ms)
			TypeCache.Refresh (484ms)
				TypeCache.ScanAssembly (456ms)
			ScanForSourceGeneratedMonoScriptInfo (32ms)
			ResolveRequiredComponents (5ms)
	FinalizeReload (1309ms)
		ReleaseScriptCaches (0ms)
		RebuildScriptCaches (0ms)
		SetupLoadedEditorAssemblies (1002ms)
			LogAssemblyErrors (0ms)
			InitializePlatformSupportModulesInManaged (27ms)
			SetLoadedEditorAssemblies (5ms)
			BeforeProcessingInitializeOnLoad (339ms)
			ProcessInitializeOnLoadAttributes (362ms)
			ProcessInitializeOnLoadMethodAttributes (212ms)
			AfterProcessingInitializeOnLoad (58ms)
			EditorAssembliesLoaded (0ms)
		ExecutionOrderSort2 (0ms)
		AwakeInstancesAfterBackupRestoration (15ms)
Launched and connected shader compiler UnityShaderCompiler.exe after 0.03 seconds
Refreshing native plugins compatible for Editor in 70.10 ms, found 3 plugins.
Preloading 0 native plugins for Editor in 0.00 ms.
Unloading 4291 Unused Serialized files (Serialized files now loaded: 0)
Unloading 71 unused Assets / (69.7 KB). Loaded Objects now: 4826.
Memory consumption went from 168.1 MB to 168.0 MB.
Total: 17.466600 ms (FindLiveObjects: 0.680300 ms CreateObjectMapping: 0.521900 ms MarkObjects: 15.545500 ms  DeleteObjects: 0.716500 ms)

AssetImportParameters requested are different than current active one (requested -> active):
  custom:video-decoder-webm-vp8: 9c59270c3fd7afecdb556c50c9e8de78 -> 
  custom:SearchIndexIgnoredProperties: e643bd26f0fe6173181afceb89e7c659 -> 
  custom:audio-encoder-webm-vorbis: bf7c407c2cedff20999df2af8eb42d56 -> 
  custom:AudioImporter_EditorPlatform: d09bf68614088b80899f8185d706f6e7 -> 
  custom:audio-decoder-ogg-vorbis: bf7c407c2cedff20999df2af8eb42d56 -> 
  custom:video-encoder-webm-vp8: eb34c28f22e8b96e1ab97ce403110664 -> 
  custom:container-demuxer-ogg: 62fdf1f143b41e24485cea50d1cbac27 -> 
  custom:framework-win-MediaFoundation: 216162199b28c13a410421893ffa2e32 -> 
  custom:video-decoder-ogg-theora: a1e56fd34408186e4bbccfd4996cb3dc -> 
  custom:container-muxer-webm: aa71ff27fc2769a1b78a27578f13a17b -> 
  custom:CustomObjectIndexerAttribute: 756ad292c208cfabdd7b50bc23989ffe -> 
  custom:container-demuxer-webm: 4f35f7cbe854078d1ac9338744f61a02 -> 
========================================================================
Received Import Request.
  Time since last request: 14740.641321 seconds.
  path: Assets/Characters/Model/Terrorist1/Prefab/Terrorist_Char_1_Ak47.prefab
  artifactKey: Guid(c5f51c7d32fa5f94d864198b59da4449) Importer(815301076,1909f56bfc062723c751e8b465ee728b)
Start importing Assets/Characters/Model/Terrorist1/Prefab/Terrorist_Char_1_Ak47.prefab using Guid(c5f51c7d32fa5f94d864198b59da4449) Importer(815301076,1909f56bfc062723c751e8b465ee728b)  -> (artifact id: '6e070d79429ade8562af3f05cdd4415e') in 0.199862 seconds
Number of updated asset objects reloaded before import = 0
Number of asset objects unloaded after import = 124
========================================================================
Received Import Request.
  Time since last request: 0.000075 seconds.
  path: Assets/Characters/Model/Terrorist1/Prefab/Ak47.prefab
  artifactKey: Guid(2bc6850222b710748a9f48fdbec1b091) Importer(815301076,1909f56bfc062723c751e8b465ee728b)
Start importing Assets/Characters/Model/Terrorist1/Prefab/Ak47.prefab using Guid(2bc6850222b710748a9f48fdbec1b091) Importer(815301076,1909f56bfc062723c751e8b465ee728b)  -> (artifact id: 'f74fd087d6e0a5038a80ae44369b19c5') in 0.032961 seconds
Number of updated asset objects reloaded before import = 0
Number of asset objects unloaded after import = 10
========================================================================
Received Import Request.
  Time since last request: 60.625636 seconds.
  path: Assets/Characters/Adventure_Character/Materials
  artifactKey: Guid(62f5c2ad0fe942f4a81ed83028c4815a) Importer(815301076,1909f56bfc062723c751e8b465ee728b)
Start importing Assets/Characters/Adventure_Character/Materials using Guid(62f5c2ad0fe942f4a81ed83028c4815a) Importer(815301076,1909f56bfc062723c751e8b465ee728b)  -> (artifact id: 'c4a2cfcc7b265f363016daa6c02b946f') in 0.001294 seconds
Number of updated asset objects reloaded before import = 0
Number of asset objects unloaded after import = 0
========================================================================
Received Import Request.
  Time since last request: 0.041731 seconds.
  path: Assets/Characters/Adventure_Character/Materials/Man_Body.mat
  artifactKey: Guid(215fc7c8e2d87c8438088b27a1600878) Importer(815301076,1909f56bfc062723c751e8b465ee728b)
Start importing Assets/Characters/Adventure_Character/Materials/Man_Body.mat using Guid(215fc7c8e2d87c8438088b27a1600878) Importer(815301076,1909f56bfc062723c751e8b465ee728b)  -> (artifact id: '43ab85ec581444c594d9982a4ba60e1e') in 0.435724 seconds
Number of updated asset objects reloaded before import = 0
Number of asset objects unloaded after import = 5
========================================================================
Received Import Request.
  Time since last request: 0.000044 seconds.
  path: Assets/Characters/Adventure_Character/Materials/Man_Cloth_Up_03.mat
  artifactKey: Guid(d8545fb76914297488e63ac18a80c3a2) Importer(815301076,1909f56bfc062723c751e8b465ee728b)
Start importing Assets/Characters/Adventure_Character/Materials/Man_Cloth_Up_03.mat using Guid(d8545fb76914297488e63ac18a80c3a2) Importer(815301076,1909f56bfc062723c751e8b465ee728b)  -> (artifact id: '557fc43d16e218ba24dbbdf11958679e') in 0.252960 seconds
Number of updated asset objects reloaded before import = 0
Number of asset objects unloaded after import = 5
========================================================================
Received Import Request.
  Time since last request: 0.000045 seconds.
  path: Assets/Characters/Adventure_Character/Materials/Man_Cloth_Down_03.mat
  artifactKey: Guid(a3c5be1a8d065a44ba4ad43c3c18b64e) Importer(815301076,1909f56bfc062723c751e8b465ee728b)
Start importing Assets/Characters/Adventure_Character/Materials/Man_Cloth_Down_03.mat using Guid(a3c5be1a8d065a44ba4ad43c3c18b64e) Importer(815301076,1909f56bfc062723c751e8b465ee728b)  -> (artifact id: '9ad64ee77a44665e4b5f511c9b5df99e') in 0.157343 seconds
Number of updated asset objects reloaded before import = 0
Number of asset objects unloaded after import = 5
========================================================================
Received Import Request.
  Time since last request: 1.464479 seconds.
  path: Assets/Characters/Adventure_Character/Mesh
  artifactKey: Guid(c2e93fc3ba422d843b4175b7b0c1e1c2) Importer(815301076,1909f56bfc062723c751e8b465ee728b)
Start importing Assets/Characters/Adventure_Character/Mesh using Guid(c2e93fc3ba422d843b4175b7b0c1e1c2) Importer(815301076,1909f56bfc062723c751e8b465ee728b)  -> (artifact id: 'd4876177af9159306e22683f9fd18e26') in 0.001256 seconds
Number of updated asset objects reloaded before import = 0
Number of asset objects unloaded after import = 0
========================================================================
Received Import Request.
  Time since last request: 0.042181 seconds.
  path: Assets/Characters/Adventure_Character/Mesh/Man_Mesh.FBX
  artifactKey: Guid(b8a7488d12adc39498433d60811eab1a) Importer(815301076,1909f56bfc062723c751e8b465ee728b)
Start importing Assets/Characters/Adventure_Character/Mesh/Man_Mesh.FBX using Guid(b8a7488d12adc39498433d60811eab1a) Importer(815301076,1909f56bfc062723c751e8b465ee728b)  -> (artifact id: 'c3d12dd7bb57931b38685e25fb025669') in 0.312018 seconds
Number of updated asset objects reloaded before import = 0
Number of asset objects unloaded after import = 189
========================================================================
Received Import Request.
  Time since last request: 52.717789 seconds.
  path: Assets/Characters/Adventure_Character/Prefabs/Man_02.prefab
  artifactKey: Guid(7ee9a881584999e498cd568894ff4b39) Importer(815301076,1909f56bfc062723c751e8b465ee728b)
Start importing Assets/Characters/Adventure_Character/Prefabs/Man_02.prefab using Guid(7ee9a881584999e498cd568894ff4b39) Importer(815301076,1909f56bfc062723c751e8b465ee728b)  -> (artifact id: 'c3c1460b97c0a14d5df1215a2a9f7a79') in 0.544355 seconds
Number of updated asset objects reloaded before import = 0
Number of asset objects unloaded after import = 199
========================================================================
Received Import Request.
  Time since last request: 0.000066 seconds.
  path: Assets/Characters/Adventure_Character/Prefabs/Man_04.prefab
  artifactKey: Guid(889d24f8fc349cf45b463fb9b13b0143) Importer(815301076,1909f56bfc062723c751e8b465ee728b)
Start importing Assets/Characters/Adventure_Character/Prefabs/Man_04.prefab using Guid(889d24f8fc349cf45b463fb9b13b0143) Importer(815301076,1909f56bfc062723c751e8b465ee728b)  -> (artifact id: 'b3f310c0edb5bf9be6805fdf94fc6b8b') in 0.545352 seconds
Number of updated asset objects reloaded before import = 0
Number of asset objects unloaded after import = 199
Editor requested this worker to shutdown with reason: Scaling down because of idle timeout
AssetImportWorker is now disconnected from the server
Process exiting
Exiting without the bug reporter. Application will terminate with return code 0